SUCCESS - ***: antje-2.jpg - 1826478 byte
SUCCESS - ***: antje-1.jpg - 1328070 byte
FAILED - ***: ANTRAG_Abschlussarbeit.pdf - 36728 byte
SUCCESS - ***: antje-1.jpg - 1328070 byte
SUCCESS - ***: antje-3.jpg - 1505538 byte
FAILED - ***: CaravanRhythm.pdf - 44625 byte
FAILED - ***: 0,5587,5002090,00.pdf - 116595 byte
FAILED - ***: AJAX in Widgets and Web UIs.pdf - 75771 byte
FAILED - ***: arrow-down.png - 297 byte
FAILED - ***: arrow-up.png - 298 byte
FAILED - ***: btns.gif - 722 byte
FAILED - ***: CaravanLead.pdf - 31354 byte
FAILED - ***: 0,5587,5002090,00.pdf - 116595 byte
FAILED - ***: AJAX in Widgets and Web UIs.pdf - 75771 byte
FAILED - ***: arrow-down.png - 297 byte
FAILED - ***: arrow-up.png - 298 byte
FAILED - ***: google_custom_search_watermark.gif - 1367 byte
FAILED - ***: 0,5587,5002090,00.pdf - 116595 byte
FAILED - ***: AJAX in Widgets and Web UIs.pdf - 75771 byte
FAILED - ***: arrow-down.png - 297 byte
FAILED - ***: arrow-up.png - 298 byte
FAILED - ***: btns.gif - 722 byte
FAILED - ***: CaravanLead.pdf - 31354 byte
FAILED - ***: CaravanRhythm.pdf - 44625 byte
SUCCESS - ***: cocolanuit.jpg - 177938 byte
FAILED - ***: Eskobar - Someone New 2.txt - 2637 byte
FAILED - ***: Eskobar - Someone New.txt - 3653 byte
FAILED - ***: google_custom_search_watermark.gif - 1367 byte
FAILED - ***: 0,5587,5002090,00.pdf - 116595 byte
FAILED - ***: AJAX in Widgets and Web UIs.pdf - 75771 byte
FAILED - ***: arrow-down.png - 297 byte
FAILED - ***: arrow-up.png - 298 byte
FAILED - ***: google_custom_search_watermark.gif - 1367 byte
FAILED - ***: 0,5587,5002090,00.pdf - 116595 byte
FAILED - ***: AJAX in Widgets and Web UIs.pdf - 75771 byte
FAILED - ***: arrow-down.png - 297 byte
FAILED - ***: arrow-up.png - 298 byte
FAILED - ***: Desktop.ini - 78 byte
FAILED - ***: Otto Waalkes - 01 - Hipp - Hipp - Hurra.mp3 - 563035 byte
FAILED - ***: Otto Waalkes - 01 - Hipp - Hipp - Hurra.mp3 - 563035 byte
FAILED - ***: Otto Waalkes - 01 - Hipp - Hipp - Hurra.mp3 - 563035 byte
SUCCESS - ***: Hintergrund.jpg - 149411 byte
SUCCESS - ***: Hintergrund.jpg - 149411 byte
